<?xml version="1.0" encoding="UTF-8"?>
<testsuite xmlns:xsi="http://www.w3.org/2001/XMLSchema-instance" xsi:noNamespaceSchemaLocation="https://maven.apache.org/surefire/maven-surefire-plugin/xsd/surefire-test-report-3.0.xsd" version="3.0" name="com.travel360.api.Travel360ApiApplicationTests" time="1.779" tests="1" errors="0" skipped="0" failures="0">
  <properties>
    <property name="java.specification.version" value="21"/>
    <property name="sun.jnu.encoding" value="UTF-8"/>
    <property name="java.class.path" value="/home/kiviamarakoon/Documents/Projects/my-projects/Travel360.API/target/test-classes:/home/kiviamarakoon/Documents/Projects/my-projects/Travel360.API/target/classes:/home/kiviamarakoon/.m2/repository/org/springframework/boot/spring-boot-starter-data-jpa/3.2.3/spring-boot-starter-data-jpa-3.2.3.jar:/home/kiviamarakoon/.m2/repository/org/springframework/boot/spring-boot-starter-aop/3.2.3/spring-boot-starter-aop-3.2.3.jar:/home/kiviamarakoon/.m2/repository/org/aspectj/aspectjweaver/1.9.21/aspectjweaver-1.9.21.jar:/home/kiviamarakoon/.m2/repository/org/springframework/boot/spring-boot-starter-jdbc/3.2.3/spring-boot-starter-jdbc-3.2.3.jar:/home/kiviamarakoon/.m2/repository/com/zaxxer/HikariCP/5.0.1/HikariCP-5.0.1.jar:/home/kiviamarakoon/.m2/repository/org/springframework/spring-jdbc/6.1.4/spring-jdbc-6.1.4.jar:/home/kiviamarakoon/.m2/repository/org/hibernate/orm/hibernate-core/6.4.4.Final/hibernate-core-6.4.4.Final.jar:/home/kiviamarakoon/.m2/repository/jakarta/persistence/jakarta.persistence-api/3.1.0/jakarta.persistence-api-3.1.0.jar:/home/kiviamarakoon/.m2/repository/jakarta/transaction/jakarta.transaction-api/2.0.1/jakarta.transaction-api-2.0.1.jar:/home/kiviamarakoon/.m2/repository/org/jboss/logging/jboss-logging/3.5.3.Final/jboss-logging-3.5.3.Final.jar:/home/kiviamarakoon/.m2/repository/org/hibernate/common/hibernate-commons-annotations/6.0.6.Final/hibernate-commons-annotations-6.0.6.Final.jar:/home/kiviamarakoon/.m2/repository/io/smallrye/jandex/3.1.2/jandex-3.1.2.jar:/home/kiviamarakoon/.m2/repository/com/fasterxml/classmate/1.6.0/classmate-1.6.0.jar:/home/kiviamarakoon/.m2/repository/net/bytebuddy/byte-buddy/1.14.12/byte-buddy-1.14.12.jar:/home/kiviamarakoon/.m2/repository/org/glassfish/jaxb/jaxb-runtime/4.0.4/jaxb-runtime-4.0.4.jar:/home/kiviamarakoon/.m2/repository/org/glassfish/jaxb/jaxb-core/4.0.4/jaxb-core-4.0.4.jar:/home/kiviamarakoon/.m2/repository/org/eclipse/angus/angus-activation/2.0.1/angus-activation-2.0.1.jar:/home/kiviamarakoon/.m2/repository/org/glassfish/jaxb/txw2/4.0.4/txw2-4.0.4.jar:/home/kiviamarakoon/.m2/repository/com/sun/istack/istack-commons-runtime/4.1.2/istack-commons-runtime-4.1.2.jar:/home/kiviamarakoon/.m2/repository/jakarta/inject/jakarta.inject-api/2.0.1/jakarta.inject-api-2.0.1.jar:/home/kiviamarakoon/.m2/repository/org/antlr/antlr4-runtime/4.13.0/antlr4-runtime-4.13.0.jar:/home/kiviamarakoon/.m2/repository/org/springframework/data/spring-data-jpa/3.2.3/spring-data-jpa-3.2.3.jar:/home/kiviamarakoon/.m2/repository/org/springframework/data/spring-data-commons/3.2.3/spring-data-commons-3.2.3.jar:/home/kiviamarakoon/.m2/repository/org/springframework/spring-orm/6.1.4/spring-orm-6.1.4.jar:/home/kiviamarakoon/.m2/repository/org/springframework/spring-context/6.1.4/spring-context-6.1.4.jar:/home/kiviamarakoon/.m2/repository/org/springframework/spring-tx/6.1.4/spring-tx-6.1.4.jar:/home/kiviamarakoon/.m2/repository/org/springframework/spring-beans/6.1.4/spring-beans-6.1.4.jar:/home/kiviamarakoon/.m2/repository/jakarta/annotation/jakarta.annotation-api/2.1.1/jakarta.annotation-api-2.1.1.jar:/home/kiviamarakoon/.m2/repository/org/slf4j/slf4j-api/2.0.12/slf4j-api-2.0.12.jar:/home/kiviamarakoon/.m2/repository/org/springframework/spring-aspects/6.1.4/spring-aspects-6.1.4.jar:/home/kiviamarakoon/.m2/repository/org/springframework/boot/spring-boot-starter-web/3.2.3/spring-boot-starter-web-3.2.3.jar:/home/kiviamarakoon/.m2/repository/org/springframework/boot/spring-boot-starter/3.2.3/spring-boot-starter-3.2.3.jar:/home/kiviamarakoon/.m2/repository/org/springframework/boot/spring-boot/3.2.3/spring-boot-3.2.3.jar:/home/kiviamarakoon/.m2/repository/org/springframework/boot/spring-boot-autoconfigure/3.2.3/spring-boot-autoconfigure-3.2.3.jar:/home/kiviamarakoon/.m2/repository/org/springframework/boot/spring-boot-starter-logging/3.2.3/spring-boot-starter-logging-3.2.3.jar:/home/kiviamarakoon/.m2/repository/ch/qos/logback/logback-classic/1.4.14/logback-classic-1.4.14.jar:/home/kiviamarakoon/.m2/repository/ch/qos/logback/logback-core/1.4.14/logback-core-1.4.14.jar:/home/kiviamarakoon/.m2/repository/org/apache/logging/log4j/log4j-to-slf4j/2.21.1/log4j-to-slf4j-2.21.1.jar:/home/kiviamarakoon/.m2/repository/org/apache/logging/log4j/log4j-api/2.21.1/log4j-api-2.21.1.jar:/home/kiviamarakoon/.m2/repository/org/slf4j/jul-to-slf4j/2.0.12/jul-to-slf4j-2.0.12.jar:/home/kiviamarakoon/.m2/repository/org/yaml/snakeyaml/2.2/snakeyaml-2.2.jar:/home/kiviamarakoon/.m2/repository/org/springframework/boot/spring-boot-starter-json/3.2.3/spring-boot-starter-json-3.2.3.jar:/home/kiviamarakoon/.m2/repository/com/fasterxml/jackson/datatype/jackson-datatype-jdk8/2.15.4/jackson-datatype-jdk8-2.15.4.jar:/home/kiviamarakoon/.m2/repository/com/fasterxml/jackson/datatype/jackson-datatype-jsr310/2.15.4/jackson-datatype-jsr310-2.15.4.jar:/home/kiviamarakoon/.m2/repository/com/fasterxml/jackson/module/jackson-module-parameter-names/2.15.4/jackson-module-parameter-names-2.15.4.jar:/home/kiviamarakoon/.m2/repository/org/springframework/boot/spring-boot-starter-tomcat/3.2.3/spring-boot-starter-tomcat-3.2.3.jar:/home/kiviamarakoon/.m2/repository/org/apache/tomcat/embed/tomcat-embed-core/10.1.19/tomcat-embed-core-10.1.19.jar:/home/kiviamarakoon/.m2/repository/org/apache/tomcat/embed/tomcat-embed-websocket/10.1.19/tomcat-embed-websocket-10.1.19.jar:/home/kiviamarakoon/.m2/repository/org/springframework/spring-web/6.1.4/spring-web-6.1.4.jar:/home/kiviamarakoon/.m2/repository/io/micrometer/micrometer-observation/1.12.3/micrometer-observation-1.12.3.jar:/home/kiviamarakoon/.m2/repository/io/micrometer/micrometer-commons/1.12.3/micrometer-commons-1.12.3.jar:/home/kiviamarakoon/.m2/repository/org/springframework/spring-webmvc/6.1.4/spring-webmvc-6.1.4.jar:/home/kiviamarakoon/.m2/repository/org/springframework/spring-expression/6.1.4/spring-expression-6.1.4.jar:/home/kiviamarakoon/.m2/repository/org/springframework/boot/spring-boot-starter-security/3.2.3/spring-boot-starter-security-3.2.3.jar:/home/kiviamarakoon/.m2/repository/org/springframework/spring-aop/6.1.4/spring-aop-6.1.4.jar:/home/kiviamarakoon/.m2/repository/org/springframework/security/spring-security-config/6.2.2/spring-security-config-6.2.2.jar:/home/kiviamarakoon/.m2/repository/org/springframework/security/spring-security-web/6.2.2/spring-security-web-6.2.2.jar:/home/kiviamarakoon/.m2/repository/org/springframework/boot/spring-boot-starter-validation/3.2.3/spring-boot-starter-validation-3.2.3.jar:/home/kiviamarakoon/.m2/repository/org/apache/tomcat/embed/tomcat-embed-el/10.1.19/tomcat-embed-el-10.1.19.jar:/home/kiviamarakoon/.m2/repository/org/hibernate/validator/hibernate-validator/8.0.1.Final/hibernate-validator-8.0.1.Final.jar:/home/kiviamarakoon/.m2/repository/jakarta/validation/jakarta.validation-api/3.0.2/jakarta.validation-api-3.0.2.jar:/home/kiviamarakoon/.m2/repository/io/jsonwebtoken/jjwt-api/0.11.5/jjwt-api-0.11.5.jar:/home/kiviamarakoon/.m2/repository/io/jsonwebtoken/jjwt-impl/0.11.5/jjwt-impl-0.11.5.jar:/home/kiviamarakoon/.m2/repository/io/jsonwebtoken/jjwt-jackson/0.11.5/jjwt-jackson-0.11.5.jar:/home/kiviamarakoon/.m2/repository/com/fasterxml/jackson/core/jackson-databind/2.15.4/jackson-databind-2.15.4.jar:/home/kiviamarakoon/.m2/repository/org/postgresql/postgresql/42.6.1/postgresql-42.6.1.jar:/home/kiviamarakoon/.m2/repository/org/checkerframework/checker-qual/3.31.0/checker-qual-3.31.0.jar:/home/kiviamarakoon/.m2/repository/com/h2database/h2/2.2.224/h2-2.2.224.jar:/home/kiviamarakoon/.m2/repository/org/projectlombok/lombok/1.18.30/lombok-1.18.30.jar:/home/kiviamarakoon/.m2/repository/net/sf/jasperreports/jasperreports/6.20.6/jasperreports-6.20.6.jar:/home/kiviamarakoon/.m2/repository/commons-beanutils/commons-beanutils/1.9.4/commons-beanutils-1.9.4.jar:/home/kiviamarakoon/.m2/repository/commons-collections/commons-collections/3.2.2/commons-collections-3.2.2.jar:/home/kiviamarakoon/.m2/repository/commons-digester/commons-digester/2.1/commons-digester-2.1.jar:/home/kiviamarakoon/.m2/repository/commons-logging/commons-logging/1.1.1/commons-logging-1.1.1.jar:/home/kiviamarakoon/.m2/repository/org/apache/commons/commons-collections4/4.2/commons-collections4-4.2.jar:/home/kiviamarakoon/.m2/repository/com/github/librepdf/openpdf/1.3.30.jaspersoft.3/openpdf-1.3.30.jaspersoft.3.jar:/home/kiviamarakoon/.m2/repository/org/jfree/jcommon/1.0.23/jcommon-1.0.23.jar:/home/kiviamarakoon/.m2/repository/org/jfree/jfreechart/1.0.19/jfreechart-1.0.19.jar:/home/kiviamarakoon/.m2/repository/org/eclipse/jdt/ecj/3.21.0/ecj-3.21.0.jar:/home/kiviamarakoon/.m2/repository/com/fasterxml/jackson/core/jackson-core/2.15.4/jackson-core-2.15.4.jar:/home/kiviamarakoon/.m2/repository/com/fasterxml/jackson/core/jackson-annotations/2.15.4/jackson-annotations-2.15.4.jar:/home/kiviamarakoon/.m2/repository/com/fasterxml/jackson/dataformat/jackson-dataformat-xml/2.15.4/jackson-dataformat-xml-2.15.4.jar:/home/kiviamarakoon/.m2/repository/org/codehaus/woodstox/stax2-api/4.2.1/stax2-api-4.2.1.jar:/home/kiviamarakoon/.m2/repository/com/fasterxml/woodstox/woodstox-core/6.5.1/woodstox-core-6.5.1.jar:/home/kiviamarakoon/.m2/repository/org/springframework/boot/spring-boot-starter-test/3.2.3/spring-boot-starter-test-3.2.3.jar:/home/kiviamarakoon/.m2/repository/org/springframework/boot/spring-boot-test/3.2.3/spring-boot-test-3.2.3.jar:/home/kiviamarakoon/.m2/repository/org/springframework/boot/spring-boot-test-autoconfigure/3.2.3/spring-boot-test-autoconfigure-3.2.3.jar:/home/kiviamarakoon/.m2/repository/com/jayway/jsonpath/json-path/2.9.0/json-path-2.9.0.jar:/home/kiviamarakoon/.m2/repository/jakarta/xml/bind/jakarta.xml.bind-api/4.0.1/jakarta.xml.bind-api-4.0.1.jar:/home/kiviamarakoon/.m2/repository/jakarta/activation/jakarta.activation-api/2.1.2/jakarta.activation-api-2.1.2.jar:/home/kiviamarakoon/.m2/repository/net/minidev/json-smart/2.5.0/json-smart-2.5.0.jar:/home/kiviamarakoon/.m2/repository/net/minidev/accessors-smart/2.5.0/accessors-smart-2.5.0.jar:/home/kiviamarakoon/.m2/repository/org/ow2/asm/asm/9.3/asm-9.3.jar:/home/kiviamarakoon/.m2/repository/org/assertj/assertj-core/3.24.2/assertj-core-3.24.2.jar:/home/kiviamarakoon/.m2/repository/org/awaitility/awaitility/4.2.0/awaitility-4.2.0.jar:/home/kiviamarakoon/.m2/repository/org/hamcrest/hamcrest/2.2/hamcrest-2.2.jar:/home/kiviamarakoon/.m2/repository/org/junit/jupiter/junit-jupiter/5.10.2/junit-jupiter-5.10.2.jar:/home/kiviamarakoon/.m2/repository/org/junit/jupiter/junit-jupiter-api/5.10.2/junit-jupiter-api-5.10.2.jar:/home/kiviamarakoon/.m2/repository/org/opentest4j/opentest4j/1.3.0/opentest4j-1.3.0.jar:/home/kiviamarakoon/.m2/repository/org/junit/platform/junit-platform-commons/1.10.2/junit-platform-commons-1.10.2.jar:/home/kiviamarakoon/.m2/repository/org/apiguardian/apiguardian-api/1.1.2/apiguardian-api-1.1.2.jar:/home/kiviamarakoon/.m2/repository/org/junit/jupiter/junit-jupiter-params/5.10.2/junit-jupiter-params-5.10.2.jar:/home/kiviamarakoon/.m2/repository/org/junit/jupiter/junit-jupiter-engine/5.10.2/junit-jupiter-engine-5.10.2.jar:/home/kiviamarakoon/.m2/repository/org/junit/platform/junit-platform-engine/1.10.2/junit-platform-engine-1.10.2.jar:/home/kiviamarakoon/.m2/repository/org/mockito/mockito-core/5.7.0/mockito-core-5.7.0.jar:/home/kiviamarakoon/.m2/repository/net/bytebuddy/byte-buddy-agent/1.14.12/byte-buddy-agent-1.14.12.jar:/home/kiviamarakoon/.m2/repository/org/objenesis/objenesis/3.3/objenesis-3.3.jar:/home/kiviamarakoon/.m2/repository/org/mockito/mockito-junit-jupiter/5.7.0/mockito-junit-jupiter-5.7.0.jar:/home/kiviamarakoon/.m2/repository/org/skyscreamer/jsonassert/1.5.1/jsonassert-1.5.1.jar:/home/kiviamarakoon/.m2/repository/com/vaadin/external/google/android-json/0.0.20131108.vaadin1/android-json-0.0.20131108.vaadin1.jar:/home/kiviamarakoon/.m2/repository/org/springframework/spring-core/6.1.4/spring-core-6.1.4.jar:/home/kiviamarakoon/.m2/repository/org/springframework/spring-jcl/6.1.4/spring-jcl-6.1.4.jar:/home/kiviamarakoon/.m2/repository/org/springframework/spring-test/6.1.4/spring-test-6.1.4.jar:/home/kiviamarakoon/.m2/repository/org/xmlunit/xmlunit-core/2.9.1/xmlunit-core-2.9.1.jar:/home/kiviamarakoon/.m2/repository/org/springframework/security/spring-security-test/6.2.2/spring-security-test-6.2.2.jar:/home/kiviamarakoon/.m2/repository/org/springframework/security/spring-security-core/6.2.2/spring-security-core-6.2.2.jar:/home/kiviamarakoon/.m2/repository/org/springframework/security/spring-security-crypto/6.2.2/spring-security-crypto-6.2.2.jar:"/>
    <property name="java.vm.vendor" value="Red Hat, Inc."/>
    <property name="sun.arch.data.model" value="64"/>
    <property name="java.vendor.url" value="https://www.redhat.com/"/>
    <property name="user.timezone" value="Asia/Colombo"/>
    <property name="org.jboss.logging.provider" value="slf4j"/>
    <property name="os.name" value="Linux"/>
    <property name="java.vm.specification.version" value="21"/>
    <property name="sun.java.launcher" value="SUN_STANDARD"/>
    <property name="user.country" value="US"/>
    <property name="sun.boot.library.path" value="/usr/lib/jvm/java-21-openjdk/lib"/>
    <property name="sun.java.command" value="/home/kiviamarakoon/Documents/Projects/my-projects/Travel360.API/target/surefire/surefirebooter-20250523173513589_3.jar /home/kiviamarakoon/Documents/Projects/my-projects/Travel360.API/target/surefire 2025-05-23T17-35-13_472-jvmRun1 surefire-20250523173513589_1tmp surefire_0-20250523173513589_2tmp"/>
    <property name="jdk.debug" value="release"/>
    <property name="surefire.test.class.path" value="/home/kiviamarakoon/Documents/Projects/my-projects/Travel360.API/target/test-classes:/home/kiviamarakoon/Documents/Projects/my-projects/Travel360.API/target/classes:/home/kiviamarakoon/.m2/repository/org/springframework/boot/spring-boot-starter-data-jpa/3.2.3/spring-boot-starter-data-jpa-3.2.3.jar:/home/kiviamarakoon/.m2/repository/org/springframework/boot/spring-boot-starter-aop/3.2.3/spring-boot-starter-aop-3.2.3.jar:/home/kiviamarakoon/.m2/repository/org/aspectj/aspectjweaver/1.9.21/aspectjweaver-1.9.21.jar:/home/kiviamarakoon/.m2/repository/org/springframework/boot/spring-boot-starter-jdbc/3.2.3/spring-boot-starter-jdbc-3.2.3.jar:/home/kiviamarakoon/.m2/repository/com/zaxxer/HikariCP/5.0.1/HikariCP-5.0.1.jar:/home/kiviamarakoon/.m2/repository/org/springframework/spring-jdbc/6.1.4/spring-jdbc-6.1.4.jar:/home/kiviamarakoon/.m2/repository/org/hibernate/orm/hibernate-core/6.4.4.Final/hibernate-core-6.4.4.Final.jar:/home/kiviamarakoon/.m2/repository/jakarta/persistence/jakarta.persistence-api/3.1.0/jakarta.persistence-api-3.1.0.jar:/home/kiviamarakoon/.m2/repository/jakarta/transaction/jakarta.transaction-api/2.0.1/jakarta.transaction-api-2.0.1.jar:/home/kiviamarakoon/.m2/repository/org/jboss/logging/jboss-logging/3.5.3.Final/jboss-logging-3.5.3.Final.jar:/home/kiviamarakoon/.m2/repository/org/hibernate/common/hibernate-commons-annotations/6.0.6.Final/hibernate-commons-annotations-6.0.6.Final.jar:/home/kiviamarakoon/.m2/repository/io/smallrye/jandex/3.1.2/jandex-3.1.2.jar:/home/kiviamarakoon/.m2/repository/com/fasterxml/classmate/1.6.0/classmate-1.6.0.jar:/home/kiviamarakoon/.m2/repository/net/bytebuddy/byte-buddy/1.14.12/byte-buddy-1.14.12.jar:/home/kiviamarakoon/.m2/repository/org/glassfish/jaxb/jaxb-runtime/4.0.4/jaxb-runtime-4.0.4.jar:/home/kiviamarakoon/.m2/repository/org/glassfish/jaxb/jaxb-core/4.0.4/jaxb-core-4.0.4.jar:/home/kiviamarakoon/.m2/repository/org/eclipse/angus/angus-activation/2.0.1/angus-activation-2.0.1.jar:/home/kiviamarakoon/.m2/repository/org/glassfish/jaxb/txw2/4.0.4/txw2-4.0.4.jar:/home/kiviamarakoon/.m2/repository/com/sun/istack/istack-commons-runtime/4.1.2/istack-commons-runtime-4.1.2.jar:/home/kiviamarakoon/.m2/repository/jakarta/inject/jakarta.inject-api/2.0.1/jakarta.inject-api-2.0.1.jar:/home/kiviamarakoon/.m2/repository/org/antlr/antlr4-runtime/4.13.0/antlr4-runtime-4.13.0.jar:/home/kiviamarakoon/.m2/repository/org/springframework/data/spring-data-jpa/3.2.3/spring-data-jpa-3.2.3.jar:/home/kiviamarakoon/.m2/repository/org/springframework/data/spring-data-commons/3.2.3/spring-data-commons-3.2.3.jar:/home/kiviamarakoon/.m2/repository/org/springframework/spring-orm/6.1.4/spring-orm-6.1.4.jar:/home/kiviamarakoon/.m2/repository/org/springframework/spring-context/6.1.4/spring-context-6.1.4.jar:/home/kiviamarakoon/.m2/repository/org/springframework/spring-tx/6.1.4/spring-tx-6.1.4.jar:/home/kiviamarakoon/.m2/repository/org/springframework/spring-beans/6.1.4/spring-beans-6.1.4.jar:/home/kiviamarakoon/.m2/repository/jakarta/annotation/jakarta.annotation-api/2.1.1/jakarta.annotation-api-2.1.1.jar:/home/kiviamarakoon/.m2/repository/org/slf4j/slf4j-api/2.0.12/slf4j-api-2.0.12.jar:/home/kiviamarakoon/.m2/repository/org/springframework/spring-aspects/6.1.4/spring-aspects-6.1.4.jar:/home/kiviamarakoon/.m2/repository/org/springframework/boot/spring-boot-starter-web/3.2.3/spring-boot-starter-web-3.2.3.jar:/home/kiviamarakoon/.m2/repository/org/springframework/boot/spring-boot-starter/3.2.3/spring-boot-starter-3.2.3.jar:/home/kiviamarakoon/.m2/repository/org/springframework/boot/spring-boot/3.2.3/spring-boot-3.2.3.jar:/home/kiviamarakoon/.m2/repository/org/springframework/boot/spring-boot-autoconfigure/3.2.3/spring-boot-autoconfigure-3.2.3.jar:/home/kiviamarakoon/.m2/repository/org/springframework/boot/spring-boot-starter-logging/3.2.3/spring-boot-starter-logging-3.2.3.jar:/home/kiviamarakoon/.m2/repository/ch/qos/logback/logback-classic/1.4.14/logback-classic-1.4.14.jar:/home/kiviamarakoon/.m2/repository/ch/qos/logback/logback-core/1.4.14/logback-core-1.4.14.jar:/home/kiviamarakoon/.m2/repository/org/apache/logging/log4j/log4j-to-slf4j/2.21.1/log4j-to-slf4j-2.21.1.jar:/home/kiviamarakoon/.m2/repository/org/apache/logging/log4j/log4j-api/2.21.1/log4j-api-2.21.1.jar:/home/kiviamarakoon/.m2/repository/org/slf4j/jul-to-slf4j/2.0.12/jul-to-slf4j-2.0.12.jar:/home/kiviamarakoon/.m2/repository/org/yaml/snakeyaml/2.2/snakeyaml-2.2.jar:/home/kiviamarakoon/.m2/repository/org/springframework/boot/spring-boot-starter-json/3.2.3/spring-boot-starter-json-3.2.3.jar:/home/kiviamarakoon/.m2/repository/com/fasterxml/jackson/datatype/jackson-datatype-jdk8/2.15.4/jackson-datatype-jdk8-2.15.4.jar:/home/kiviamarakoon/.m2/repository/com/fasterxml/jackson/datatype/jackson-datatype-jsr310/2.15.4/jackson-datatype-jsr310-2.15.4.jar:/home/kiviamarakoon/.m2/repository/com/fasterxml/jackson/module/jackson-module-parameter-names/2.15.4/jackson-module-parameter-names-2.15.4.jar:/home/kiviamarakoon/.m2/repository/org/springframework/boot/spring-boot-starter-tomcat/3.2.3/spring-boot-starter-tomcat-3.2.3.jar:/home/kiviamarakoon/.m2/repository/org/apache/tomcat/embed/tomcat-embed-core/10.1.19/tomcat-embed-core-10.1.19.jar:/home/kiviamarakoon/.m2/repository/org/apache/tomcat/embed/tomcat-embed-websocket/10.1.19/tomcat-embed-websocket-10.1.19.jar:/home/kiviamarakoon/.m2/repository/org/springframework/spring-web/6.1.4/spring-web-6.1.4.jar:/home/kiviamarakoon/.m2/repository/io/micrometer/micrometer-observation/1.12.3/micrometer-observation-1.12.3.jar:/home/kiviamarakoon/.m2/repository/io/micrometer/micrometer-commons/1.12.3/micrometer-commons-1.12.3.jar:/home/kiviamarakoon/.m2/repository/org/springframework/spring-webmvc/6.1.4/spring-webmvc-6.1.4.jar:/home/kiviamarakoon/.m2/repository/org/springframework/spring-expression/6.1.4/spring-expression-6.1.4.jar:/home/kiviamarakoon/.m2/repository/org/springframework/boot/spring-boot-starter-security/3.2.3/spring-boot-starter-security-3.2.3.jar:/home/kiviamarakoon/.m2/repository/org/springframework/spring-aop/6.1.4/spring-aop-6.1.4.jar:/home/kiviamarakoon/.m2/repository/org/springframework/security/spring-security-config/6.2.2/spring-security-config-6.2.2.jar:/home/kiviamarakoon/.m2/repository/org/springframework/security/spring-security-web/6.2.2/spring-security-web-6.2.2.jar:/home/kiviamarakoon/.m2/repository/org/springframework/boot/spring-boot-starter-validation/3.2.3/spring-boot-starter-validation-3.2.3.jar:/home/kiviamarakoon/.m2/repository/org/apache/tomcat/embed/tomcat-embed-el/10.1.19/tomcat-embed-el-10.1.19.jar:/home/kiviamarakoon/.m2/repository/org/hibernate/validator/hibernate-validator/8.0.1.Final/hibernate-validator-8.0.1.Final.jar:/home/kiviamarakoon/.m2/repository/jakarta/validation/jakarta.validation-api/3.0.2/jakarta.validation-api-3.0.2.jar:/home/kiviamarakoon/.m2/repository/io/jsonwebtoken/jjwt-api/0.11.5/jjwt-api-0.11.5.jar:/home/kiviamarakoon/.m2/repository/io/jsonwebtoken/jjwt-impl/0.11.5/jjwt-impl-0.11.5.jar:/home/kiviamarakoon/.m2/repository/io/jsonwebtoken/jjwt-jackson/0.11.5/jjwt-jackson-0.11.5.jar:/home/kiviamarakoon/.m2/repository/com/fasterxml/jackson/core/jackson-databind/2.15.4/jackson-databind-2.15.4.jar:/home/kiviamarakoon/.m2/repository/org/postgresql/postgresql/42.6.1/postgresql-42.6.1.jar:/home/kiviamarakoon/.m2/repository/org/checkerframework/checker-qual/3.31.0/checker-qual-3.31.0.jar:/home/kiviamarakoon/.m2/repository/com/h2database/h2/2.2.224/h2-2.2.224.jar:/home/kiviamarakoon/.m2/repository/org/projectlombok/lombok/1.18.30/lombok-1.18.30.jar:/home/kiviamarakoon/.m2/repository/net/sf/jasperreports/jasperreports/6.20.6/jasperreports-6.20.6.jar:/home/kiviamarakoon/.m2/repository/commons-beanutils/commons-beanutils/1.9.4/commons-beanutils-1.9.4.jar:/home/kiviamarakoon/.m2/repository/commons-collections/commons-collections/3.2.2/commons-collections-3.2.2.jar:/home/kiviamarakoon/.m2/repository/commons-digester/commons-digester/2.1/commons-digester-2.1.jar:/home/kiviamarakoon/.m2/repository/commons-logging/commons-logging/1.1.1/commons-logging-1.1.1.jar:/home/kiviamarakoon/.m2/repository/org/apache/commons/commons-collections4/4.2/commons-collections4-4.2.jar:/home/kiviamarakoon/.m2/repository/com/github/librepdf/openpdf/1.3.30.jaspersoft.3/openpdf-1.3.30.jaspersoft.3.jar:/home/kiviamarakoon/.m2/repository/org/jfree/jcommon/1.0.23/jcommon-1.0.23.jar:/home/kiviamarakoon/.m2/repository/org/jfree/jfreechart/1.0.19/jfreechart-1.0.19.jar:/home/kiviamarakoon/.m2/repository/org/eclipse/jdt/ecj/3.21.0/ecj-3.21.0.jar:/home/kiviamarakoon/.m2/repository/com/fasterxml/jackson/core/jackson-core/2.15.4/jackson-core-2.15.4.jar:/home/kiviamarakoon/.m2/repository/com/fasterxml/jackson/core/jackson-annotations/2.15.4/jackson-annotations-2.15.4.jar:/home/kiviamarakoon/.m2/repository/com/fasterxml/jackson/dataformat/jackson-dataformat-xml/2.15.4/jackson-dataformat-xml-2.15.4.jar:/home/kiviamarakoon/.m2/repository/org/codehaus/woodstox/stax2-api/4.2.1/stax2-api-4.2.1.jar:/home/kiviamarakoon/.m2/repository/com/fasterxml/woodstox/woodstox-core/6.5.1/woodstox-core-6.5.1.jar:/home/kiviamarakoon/.m2/repository/org/springframework/boot/spring-boot-starter-test/3.2.3/spring-boot-starter-test-3.2.3.jar:/home/kiviamarakoon/.m2/repository/org/springframework/boot/spring-boot-test/3.2.3/spring-boot-test-3.2.3.jar:/home/kiviamarakoon/.m2/repository/org/springframework/boot/spring-boot-test-autoconfigure/3.2.3/spring-boot-test-autoconfigure-3.2.3.jar:/home/kiviamarakoon/.m2/repository/com/jayway/jsonpath/json-path/2.9.0/json-path-2.9.0.jar:/home/kiviamarakoon/.m2/repository/jakarta/xml/bind/jakarta.xml.bind-api/4.0.1/jakarta.xml.bind-api-4.0.1.jar:/home/kiviamarakoon/.m2/repository/jakarta/activation/jakarta.activation-api/2.1.2/jakarta.activation-api-2.1.2.jar:/home/kiviamarakoon/.m2/repository/net/minidev/json-smart/2.5.0/json-smart-2.5.0.jar:/home/kiviamarakoon/.m2/repository/net/minidev/accessors-smart/2.5.0/accessors-smart-2.5.0.jar:/home/kiviamarakoon/.m2/repository/org/ow2/asm/asm/9.3/asm-9.3.jar:/home/kiviamarakoon/.m2/repository/org/assertj/assertj-core/3.24.2/assertj-core-3.24.2.jar:/home/kiviamarakoon/.m2/repository/org/awaitility/awaitility/4.2.0/awaitility-4.2.0.jar:/home/kiviamarakoon/.m2/repository/org/hamcrest/hamcrest/2.2/hamcrest-2.2.jar:/home/kiviamarakoon/.m2/repository/org/junit/jupiter/junit-jupiter/5.10.2/junit-jupiter-5.10.2.jar:/home/kiviamarakoon/.m2/repository/org/junit/jupiter/junit-jupiter-api/5.10.2/junit-jupiter-api-5.10.2.jar:/home/kiviamarakoon/.m2/repository/org/opentest4j/opentest4j/1.3.0/opentest4j-1.3.0.jar:/home/kiviamarakoon/.m2/repository/org/junit/platform/junit-platform-commons/1.10.2/junit-platform-commons-1.10.2.jar:/home/kiviamarakoon/.m2/repository/org/apiguardian/apiguardian-api/1.1.2/apiguardian-api-1.1.2.jar:/home/kiviamarakoon/.m2/repository/org/junit/jupiter/junit-jupiter-params/5.10.2/junit-jupiter-params-5.10.2.jar:/home/kiviamarakoon/.m2/repository/org/junit/jupiter/junit-jupiter-engine/5.10.2/junit-jupiter-engine-5.10.2.jar:/home/kiviamarakoon/.m2/repository/org/junit/platform/junit-platform-engine/1.10.2/junit-platform-engine-1.10.2.jar:/home/kiviamarakoon/.m2/repository/org/mockito/mockito-core/5.7.0/mockito-core-5.7.0.jar:/home/kiviamarakoon/.m2/repository/net/bytebuddy/byte-buddy-agent/1.14.12/byte-buddy-agent-1.14.12.jar:/home/kiviamarakoon/.m2/repository/org/objenesis/objenesis/3.3/objenesis-3.3.jar:/home/kiviamarakoon/.m2/repository/org/mockito/mockito-junit-jupiter/5.7.0/mockito-junit-jupiter-5.7.0.jar:/home/kiviamarakoon/.m2/repository/org/skyscreamer/jsonassert/1.5.1/jsonassert-1.5.1.jar:/home/kiviamarakoon/.m2/repository/com/vaadin/external/google/android-json/0.0.20131108.vaadin1/android-json-0.0.20131108.vaadin1.jar:/home/kiviamarakoon/.m2/repository/org/springframework/spring-core/6.1.4/spring-core-6.1.4.jar:/home/kiviamarakoon/.m2/repository/org/springframework/spring-jcl/6.1.4/spring-jcl-6.1.4.jar:/home/kiviamarakoon/.m2/repository/org/springframework/spring-test/6.1.4/spring-test-6.1.4.jar:/home/kiviamarakoon/.m2/repository/org/xmlunit/xmlunit-core/2.9.1/xmlunit-core-2.9.1.jar:/home/kiviamarakoon/.m2/repository/org/springframework/security/spring-security-test/6.2.2/spring-security-test-6.2.2.jar:/home/kiviamarakoon/.m2/repository/org/springframework/security/spring-security-core/6.2.2/spring-security-core-6.2.2.jar:/home/kiviamarakoon/.m2/repository/org/springframework/security/spring-security-crypto/6.2.2/spring-security-crypto-6.2.2.jar:"/>
    <property name="sun.cpu.endian" value="little"/>
    <property name="user.home" value="/home/kiviamarakoon"/>
    <property name="user.language" value="en"/>
    <property name="java.specification.vendor" value="Oracle Corporation"/>
    <property name="java.version.date" value="2025-04-15"/>
    <property name="java.home" value="/usr/lib/jvm/java-21-openjdk"/>
    <property name="file.separator" value="/"/>
    <property name="basedir" value="/home/kiviamarakoon/Documents/Projects/my-projects/Travel360.API"/>
    <property name="java.vm.compressedOopsMode" value="Zero based"/>
    <property name="line.separator" value="&#10;"/>
    <property name="java.vm.specification.vendor" value="Oracle Corporation"/>
    <property name="java.specification.name" value="Java Platform API Specification"/>
    <property name="FILE_LOG_CHARSET" value="UTF-8"/>
    <property name="java.awt.headless" value="true"/>
    <property name="surefire.real.class.path" value="/home/kiviamarakoon/Documents/Projects/my-projects/Travel360.API/target/surefire/surefirebooter-20250523173513589_3.jar"/>
    <property name="sun.management.compiler" value="HotSpot 64-Bit Tiered Compilers"/>
    <property name="java.runtime.version" value="21.0.7+6"/>
    <property name="user.name" value="kiviamarakoon"/>
    <property name="stdout.encoding" value="UTF-8"/>
    <property name="path.separator" value=":"/>
    <property name="os.version" value="6.14.6-200.fc41.x86_64"/>
    <property name="java.runtime.name" value="OpenJDK Runtime Environment"/>
    <property name="file.encoding" value="UTF-8"/>
    <property name="java.vm.name" value="OpenJDK 64-Bit Server VM"/>
    <property name="java.vendor.version" value="(Red_Hat-21.0.7.0.6-1)"/>
    <property name="localRepository" value="/home/kiviamarakoon/.m2/repository"/>
    <property name="java.vendor.url.bug" value="https://bugzilla.redhat.com/enter_bug.cgi?product=Fedora&amp;component=java-21-openjdk&amp;version=40"/>
    <property name="java.io.tmpdir" value="/tmp"/>
    <property name="com.zaxxer.hikari.pool_number" value="2"/>
    <property name="java.version" value="21.0.7"/>
    <property name="user.dir" value="/home/kiviamarakoon/Documents/Projects/my-projects/Travel360.API"/>
    <property name="os.arch" value="amd64"/>
    <property name="java.vm.specification.name" value="Java Virtual Machine Specification"/>
    <property name="PID" value="228683"/>
    <property name="CONSOLE_LOG_CHARSET" value="UTF-8"/>
    <property name="native.encoding" value="UTF-8"/>
    <property name="java.library.path" value="/tmp/.mount_cursorgJfWIX/usr/lib/:/tmp/.mount_cursorgJfWIX/usr/lib32/:/tmp/.mount_cursorgJfWIX/usr/lib64/:/tmp/.mount_cursorgJfWIX/lib/:/tmp/.mount_cursorgJfWIX/lib/i386-linux-gnu/:/tmp/.mount_cursorgJfWIX/lib/x86_64-linux-gnu/:/tmp/.mount_cursorgJfWIX/lib/aarch64-linux-gnu/:/tmp/.mount_cursorgJfWIX/lib32/:/tmp/.mount_cursorgJfWIX/lib64/::/usr/java/packages/lib:/usr/lib64:/lib64:/lib:/usr/lib"/>
    <property name="java.vm.info" value="mixed mode, sharing"/>
    <property name="stderr.encoding" value="UTF-8"/>
    <property name="java.vendor" value="Red Hat, Inc."/>
    <property name="java.vm.version" value="21.0.7+6"/>
    <property name="sun.io.unicode.encoding" value="UnicodeLittle"/>
    <property name="java.class.version" value="65.0"/>
  </properties>
  <testcase name="contextLoads" classname="com.travel360.api.Travel360ApiApplicationTests" time="0.021">
    <system-out><![CDATA[2025-05-23T17:35:24.370+05:30  INFO 228683 --- [           main] t.c.s.AnnotationConfigContextLoaderUtils : Could not detect default configuration classes for test class [com.travel360.api.Travel360ApiApplicationTests]: Travel360ApiApplicationTests does not declare any static, non-private, non-final, nested classes annotated with @Configuration.
2025-05-23T17:35:24.380+05:30  INFO 228683 --- [           main] .b.t.c.SpringBootTestContextBootstrapper : Found @SpringBootConfiguration com.travel360.api.Travel360ApiApplication for test class com.travel360.api.Travel360ApiApplicationTests

  .   ____          _            __ _ _
 /\\ / ___'_ __ _ _(_)_ __  __ _ \ \ \ \
( ( )\___ | '_ | '_| | '_ \/ _` | \ \ \ \
 \\/  ___)| |_)| | | | | || (_| |  ) ) ) )
  '  |____| .__|_| |_|_| |_\__, | / / / /
 =========|_|==============|___/=/_/_/_/
 :: Spring Boot ::                (v3.2.3)

2025-05-23T17:35:24.445+05:30  INFO 228683 --- [           main] c.t.api.Travel360ApiApplicationTests     : Starting Travel360ApiApplicationTests using Java 21.0.7 with PID 228683 (started by kiviamarakoon in /home/kiviamarakoon/Documents/Projects/my-projects/Travel360.API)
2025-05-23T17:35:24.445+05:30 DEBUG 228683 --- [           main] c.t.api.Travel360ApiApplicationTests     : Running with Spring Boot v3.2.3, Spring v6.1.4
2025-05-23T17:35:24.446+05:30  INFO 228683 --- [           main] c.t.api.Travel360ApiApplicationTests     : The following 1 profile is active: "test"
2025-05-23T17:35:24.749+05:30  INFO 228683 --- [           main] .s.d.r.c.RepositoryConfigurationDelegate : Bootstrapping Spring Data JPA repositories in DEFAULT mode.
2025-05-23T17:35:24.767+05:30  INFO 228683 --- [           main] .s.d.r.c.RepositoryConfigurationDelegate : Finished Spring Data repository scanning in 18 ms. Found 5 JPA repository interfaces.
2025-05-23T17:35:24.975+05:30  INFO 228683 --- [           main] o.s.o.j.p.SpringPersistenceUnitInfo      : No LoadTimeWeaver setup: ignoring JPA class transformer
2025-05-23T17:35:24.977+05:30  INFO 228683 --- [           main] com.zaxxer.hikari.HikariDataSource       : HikariPool-2 - Starting...
2025-05-23T17:35:24.978+05:30  INFO 228683 --- [           main] com.zaxxer.hikari.pool.HikariPool        : HikariPool-2 - Added connection conn10: url=jdbc:h2:mem:testdb user=SA
2025-05-23T17:35:24.979+05:30  INFO 228683 --- [           main] com.zaxxer.hikari.HikariDataSource       : HikariPool-2 - Start completed.
Hibernate: 
    alter table if exists airplanes 
       drop constraint if exists FK311rvegoyqdbj4tmibfjfgjn6
Hibernate: 
    alter table if exists booking_details 
       drop constraint if exists FKkbcan6ybv86uappnh0qtdmvas
Hibernate: 
    alter table if exists booking_details 
       drop constraint if exists FK86yhf5sjh7v57g0j1nalxf1bd
Hibernate: 
    alter table if exists booking_details 
       drop constraint if exists FK3flvem7vso3upva7hugvxvusi
Hibernate: 
    alter table if exists bookings 
       drop constraint if exists FK4lsaxxymtu2xxvqp0mg2tqqya
Hibernate: 
    alter table if exists bookings 
       drop constraint if exists FKeyog2oic85xg7hsu2je2lx3s6
Hibernate: 
    alter table if exists flights 
       drop constraint if exists FKg5m8ip0f64g1nm42q8bf6s5ak
Hibernate: 
    alter table if exists flights 
       drop constraint if exists FKnvxjpmgedcsjec8dx8ms5m0sh
Hibernate: 
    alter table if exists flights 
       drop constraint if exists FKfmri6v38bw9hi6tkksj0tey7d
Hibernate: 
    drop table if exists airplanes cascade
Hibernate: 
    drop table if exists airports cascade
Hibernate: 
    drop table if exists booking_details cascade
Hibernate: 
    drop table if exists bookings cascade
Hibernate: 
    drop table if exists flights cascade
Hibernate: 
    drop table if exists users cascade
Hibernate: 
    create table airplanes (
        active boolean not null,
        business_class_capacity integer check (business_class_capacity>=1),
        economy_class_capacity integer check (economy_class_capacity>=1),
        first_class_capacity integer check (first_class_capacity>=1),
        manufacturing_year integer,
        max_range_km integer,
        created_at timestamp(6) not null,
        current_airport_id bigint,
        id bigserial not null,
        updated_at timestamp(6),
        registration_number varchar(50) unique,
        model varchar(100),
        size varchar(255) not null check (size in ('SMALL','MEDIUM','LARGE')),
        primary key (id)
    )
Hibernate: 
    create table airports (
        active boolean not null,
        code varchar(3) unique,
        latitude float(53) not null,
        longitude float(53) not null,
        created_at timestamp(6) not null,
        id bigserial not null,
        updated_at timestamp(6),
        city varchar(100),
        country varchar(100),
        name varchar(100),
        time_zone varchar(255),
        primary key (id)
    )
Hibernate: 
    create table booking_details (
        active boolean not null,
        amount numeric(38,2) not null,
        checked_in boolean,
        is_transit boolean,
        booking_id bigint not null,
        connecting_booking_detail_id bigint,
        created_at timestamp(6) not null,
        flight_id bigint not null,
        id bigserial not null,
        updated_at timestamp(6),
        passenger_name varchar(255) not null,
        passport_number varchar(255),
        seat_class varchar(255) not null check (seat_class in ('FIRST_CLASS','BUSINESS_CLASS','ECONOMY_CLASS')),
        seat_number varchar(255),
        special_requirements varchar(255),
        primary key (id)
    )
Hibernate: 
    create table bookings (
        active boolean not null,
        total_amount numeric(38,2) not null,
        booking_date timestamp(6) not null,
        created_at timestamp(6) not null,
        created_by bigint,
        id bigserial not null,
        updated_at timestamp(6),
        user_id bigint not null,
        booking_reference varchar(255) not null unique,
        contact_email varchar(255),
        contact_phone varchar(255),
        status varchar(255) not null check (status in ('PENDING','CONFIRMED','CANCELLED','COMPLETED')),
        primary key (id)
    )
Hibernate: 
    create table flights (
        active boolean not null,
        business_class_available_seats integer,
        business_class_price numeric(38,2) not null check (business_class_price>=0),
        distance_km integer,
        economy_class_available_seats integer,
        economy_class_price numeric(38,2) not null check (economy_class_price>=0),
        first_class_available_seats integer,
        first_class_price numeric(38,2) not null check (first_class_price>=0),
        airplane_id bigint not null,
        arrival_time timestamp(6) not null,
        created_at timestamp(6) not null,
        departure_time timestamp(6) not null,
        destination_airport_id bigint not null,
        id bigserial not null,
        origin_airport_id bigint not null,
        updated_at timestamp(6),
        flight_number varchar(255) not null unique,
        status varchar(255) check (status in ('SCHEDULED','BOARDING','DEPARTED','IN_AIR','LANDED','DELAYED','CANCELLED')),
        primary key (id)
    )
Hibernate: 
    create table users (
        active boolean not null,
        created_at timestamp(6) not null,
        id bigserial not null,
        updated_at timestamp(6),
        username varchar(50) unique,
        email varchar(100) unique,
        full_name varchar(100),
        password varchar(100),
        phone_number varchar(255),
        role varchar(255) check (role in ('CUSTOMER','OPERATOR','ADMINISTRATOR')),
        primary key (id)
    )
Hibernate: 
    alter table if exists airplanes 
       add constraint FK311rvegoyqdbj4tmibfjfgjn6 
       foreign key (current_airport_id) 
       references airports
Hibernate: 
    alter table if exists booking_details 
       add constraint FKkbcan6ybv86uappnh0qtdmvas 
       foreign key (booking_id) 
       references bookings
Hibernate: 
    alter table if exists booking_details 
       add constraint FK86yhf5sjh7v57g0j1nalxf1bd 
       foreign key (connecting_booking_detail_id) 
       references booking_details
Hibernate: 
    alter table if exists booking_details 
       add constraint FK3flvem7vso3upva7hugvxvusi 
       foreign key (flight_id) 
       references flights
Hibernate: 
    alter table if exists bookings 
       add constraint FK4lsaxxymtu2xxvqp0mg2tqqya 
       foreign key (created_by) 
       references users
Hibernate: 
    alter table if exists bookings 
       add constraint FKeyog2oic85xg7hsu2je2lx3s6 
       foreign key (user_id) 
       references users
Hibernate: 
    alter table if exists flights 
       add constraint FKg5m8ip0f64g1nm42q8bf6s5ak 
       foreign key (airplane_id) 
       references airplanes
Hibernate: 
    alter table if exists flights 
       add constraint FKnvxjpmgedcsjec8dx8ms5m0sh 
       foreign key (destination_airport_id) 
       references airports
Hibernate: 
    alter table if exists flights 
       add constraint FKfmri6v38bw9hi6tkksj0tey7d 
       foreign key (origin_airport_id) 
       references airports
2025-05-23T17:35:25.293+05:30  INFO 228683 --- [           main] j.LocalContainerEntityManagerFactoryBean : Initialized JPA EntityManagerFactory for persistence unit 'default'
2025-05-23T17:35:25.465+05:30  WARN 228683 --- [           main] JpaBaseConfiguration$JpaWebConfiguration : spring.jpa.open-in-view is enabled by default. Therefore, database queries may be performed during view rendering. Explicitly configure spring.jpa.open-in-view to disable this warning
2025-05-23T17:35:25.669+05:30  INFO 228683 --- [           main] o.s.s.web.DefaultSecurityFilterChain     : Will secure any request with [org.springframework.security.web.session.DisableEncodeUrlFilter@4c9e86a4, org.springframework.security.web.context.request.async.WebAsyncManagerIntegrationFilter@1fb81254, org.springframework.security.web.context.SecurityContextHolderFilter@6d4e4e0c, org.springframework.security.web.header.HeaderWriterFilter@703b2538, org.springframework.web.filter.CorsFilter@315bd2cd, org.springframework.security.web.authentication.logout.LogoutFilter@7ef5a01b, com.travel360.api.security.JwtAuthFilter@4790a29a, org.springframework.security.web.savedrequest.RequestCacheAwareFilter@685d92cf, org.springframework.security.web.servletapi.SecurityContextHolderAwareRequestFilter@41e67819, org.springframework.security.web.authentication.AnonymousAuthenticationFilter@49f5758f, org.springframework.security.web.session.SessionManagementFilter@8e51ef8, org.springframework.security.web.access.ExceptionTranslationFilter@7cef2f2d, org.springframework.security.web.access.intercept.AuthorizationFilter@86e170e]
2025-05-23T17:35:26.055+05:30  INFO 228683 --- [           main] o.s.b.a.h2.H2ConsoleAutoConfiguration    : H2 console available at '/h2-console'. Database available at 'jdbc:h2:mem:testdb'
2025-05-23T17:35:26.121+05:30  INFO 228683 --- [           main] c.t.api.Travel360ApiApplicationTests     : Started Travel360ApiApplicationTests in 1.732 seconds (process running for 12.438)
]]></system-out>
  </testcase>
</testsuite>